%!Adobe-FontList 1.16
%Locale:0x409

%BeginFont
Handler:DirectoryHandler
FontType:Invalid
OutlineFileName:\.DS_Store
FileLength:6148
FileModTime:1414657403
%EndFont

%BeginFont
Handler:DirectoryHandler
FontType:Type1
FontName:DIN-Bold
FamilyName:DIN
StyleName:Bold
MenuName:DIN
StyleBits:2
WeightClass:700
WidthClass:5
AngleClass:0
FullName:DIN Bold
WritingScript:Roman
OutlineFileName:\FF_DIN_Bold.otf
DataFormat:sfntData
UsesStandardEncoding:yes
isCFF:yes
FileLength:28628
FileModTime:1249144942
NameArray:0,Mac,4,DIN Bold
NameArray:0,Win,1,DIN
%EndFont

